<?xml version="1.0" encoding="UTF-8"?>
<!-- Generated by org.testng.reporters.JUnitReportReporter -->
<testsuite hostname="Bharath-PC" name="tests.NationWideTest" tests="1" failures="0" timestamp="3 Aug 2017 03:41:25 GMT" time="54.055" errors="0">
  <testcase name="test" time="54.055" classname="tests.NationWideTest"/>
</testsuite> <!-- tests.NationWideTest -->
