<?xml version="1.0" encoding="UTF-8"?>
<!-- Generated by org.testng.reporters.JUnitReportReporter -->
<testsuite hostname="Bharath-PC" name="tests.GmailTests" tests="1" failures="0" timestamp="28 Jul 2017 02:40:12 GMT" time="22.642" errors="0">
  <testcase name="loginGmail" time="22.642" classname="tests.GmailTests"/>
</testsuite> <!-- tests.GmailTests -->
