<?xml version="1.0" encoding="UTF-8"?>
<!-- Generated by org.testng.reporters.JUnitReportReporter -->
<testsuite hostname="Bharath-PC" name="tests.AlertTest" tests="1" failures="0" timestamp="1 Aug 2017 02:44:40 GMT" time="13.377" errors="0">
  <testcase name="acceptAlert" time="13.377" classname="tests.AlertTest"/>
</testsuite> <!-- tests.AlertTest -->
