<?xml version="1.0" encoding="UTF-8"?>
<!-- Generated by org.testng.reporters.JUnitReportReporter -->
<testsuite hostname="Bharath-PC" name="tests.WebTable" tests="1" failures="0" timestamp="30 Jul 2017 15:24:53 GMT" time="23.216" errors="0">
  <testcase name="testActions" time="23.216" classname="tests.WebTable"/>
</testsuite> <!-- tests.WebTable -->
