<?xml version="1.0" encoding="UTF-8"?>
<!-- Generated by org.testng.reporters.JUnitReportReporter -->
<testsuite hostname="Bharath-PC" name="tests.GmailTests1" tests="1" failures="0" timestamp="30 Jul 2017 15:58:34 GMT" time="49.825" errors="0">
  <testcase name="loginGmail" time="49.825" classname="tests.GmailTests1"/>
</testsuite> <!-- tests.GmailTests1 -->
