<?xml version="1.0" encoding="UTF-8"?>
<!-- Generated by org.testng.reporters.JUnitReportReporter -->
<testsuite hostname="Bharath-PC" name="tests.Poups" tests="1" failures="0" timestamp="5 Aug 2017 15:50:38 GMT" time="41.884" errors="0">
  <testcase name="popups" time="41.884" classname="tests.Poups"/>
</testsuite> <!-- tests.Poups -->
